<?xml version="1.0" encoding="UTF-8"?>
<!-- Generated by org.testng.reporters.JUnitReportReporter -->
<testsuite hostname="LAPTOP-Q9245QS6" failures="0" tests="1" name="bdd.APIFramework.AppTest" time="0.013" errors="0" timestamp="2024-02-19T12:13:13 IST" skipped="0">
  <testcase classname="bdd.APIFramework.AppTest" name="shouldAnswerWithTrue" time="0.013"/>
</testsuite> <!-- bdd.APIFramework.AppTest -->
